build/app/outputs/mapping/release/seeds.txt
com.example.appcsmju.MainActivity
com.example.appcsmju.MainActivity: MainActivity()
...
androidx.window.embedding.ActivityFilter: java.lang.String intentAction
androidx.appcompat.widget.AppCompatRadioButton: void setSupportBackgroundTintList(android.content.res.ColorStateList)
com.google.android.material.floatingactionbutton.FloatingActionButton: void setEnsureMinTouchTargetSize(boolean)
com.google.android.material.circularreveal.cardview.CircularRevealCardView: void setCircularRevealScrimColor(int)
androidx.appcompat.widget.MenuPopupWindow$MenuDropDownListView
com.google.android.material.button.MaterialButton: void setCornerRadiusResource(int)
io.flutter.plugin.editing.ImeSyncDeferringInsetsCallback: int deferredInsetTypes
com.google.android.material.textfield.TextInputLayout: void setPasswordVisibilityToggleTintMode(android.graphics.PorterDuff$Mode)
com.bumptech.glide.load.EncodeStrategy: com.bumptech.glide.load.EncodeStrategy valueOf(java.lang.String)
com.bumptech.glide.load.ImageHeaderParser$ImageType: com.bumptech.glide.load.ImageHeaderParser$ImageType PNG
kotlin.coroutines.AbstractCoroutineContextElement: java.lang.Object fold(java.lang.Object,kotlin.jvm.functions.Function2)
com.google.android.material.internal.ForegroundLinearLayout: android.graphics.drawable.Drawable getForeground()
androidx.recyclerview.widget.RecyclerView: androidx.recyclerview.widget.ChildHelper mChildHelper
androidx.window.R$id: int ltr
androidx.window.layout.SidecarCompat$DistinctElementCallback: java.util.concurrent.locks.ReentrantLock lock
androidx.window.embedding.SplitRule: int layoutDirection
com.google.android.material.chip.Chip: void setChipIconSizeResource(int)
androidx.recyclerview.widget.RecyclerView: void considerReleasingGlowsOnScroll(int,int)
com.google.android.material.internal.NavigationMenuItemView: void setTitle(java.lang.CharSequence)
io.flutter.plugin.editing.ImeSyncDeferringInsetsCallback: android.view.View access$602(io.flutter.plugin.editing.ImeSyncDeferringInsetsCallback,android.view.View)
androidx.window.layout.SidecarAdapter: java.util.List translate(java.util.List,androidx.window.sidecar.SidecarDeviceState)
androidx.viewpager2.adapter.FragmentStateAdapter$FragmentMaxLifecycleEnforcer$3
androidx.recyclerview.widget.RecyclerView: void offsetPositionRecordsForInsert(int,int)
io.flutter.plugin.editing.ImeSyncDeferringInsetsCallback: void remove()
androidx.recyclerview.widget.RecyclerView: android.graphics.Rect mTempRect2
androidx.cardview.widget.CardView: android.content.res.ColorStateList getCardBackgroundColor()
androidx.appcompat.widget.AppCompatImageView: void setSupportBackgroundTintMode(android.graphics.PorterDuff$Mode)
com.google.android.material.floatingactionbutton.FloatingActionButton: void setBackgroundTintList(android.content.res.ColorStateList)
androidx.constraintlayout.widget.Guideline: void setGuidelineEnd(int)
com.google.android.material.textfield.TextInputLayout: void setEndIconDrawable(int)
com.bumptech.glide.load.DecodeFormat: com.bumptech.glide.load.DecodeFormat[] values()
com.google.android.material.button.MaterialButton: void setSupportBackgroundTintMode(android.graphics.PorterDuff$Mode)
androidx.appcompat.widget.AppCompatTextView: void setTextFuture(java.util.concurrent.Future)
androidx.recyclerview.widget.RecyclerView: androidx.recyclerview.widget.RecyclerView$SavedState mPendingSavedState
androidx.cardview.widget.CardView: void setCardElevation(float)
io.flutter.embedding.engine.FlutterJNI: void removeEngineLifecycleListener(io.flutter.embedding.engine.FlutterEngine$EngineLifecycleListener)
androidx.media.AudioAttributesImplApi21Parcelizer: androidx.media.AudioAttributesImplApi21 read(androidx.versionedparcelable.VersionedParcel)
com.google.android.material.snackbar.SnackbarContentLayout
com.google.android.material.transformation.FabTransformationSheetBehavior
me.dm7.barcodescanner.core.ViewFinderView: void setBorderLineLength(int)
com.google.android.material.textfield.TextInputLayout: void setPasswordVisibilityToggleEnabled(boolean)