build/app/outputs/mapping/release/mapping.txt
# compiler: R8
# compiler_version: 2.1.62
# min_api: 22
# pg_map_id: 30d49ea
# common_typos_disable
...
com.google.protobuf.GeneratedMessageInfoFactory -> f.a.c.y:
    com.google.protobuf.GeneratedMessageInfoFactory instance -> a
    boolean isSupported(java.lang.Class) -> a
    com.google.protobuf.MessageInfo messageInfoFor(java.lang.Class) -> b
    com.google.protobuf.GeneratedMessageInfoFactory getInstance() -> c
com.google.protobuf.GeneratedMessageLite -> f.a.c.z:
    java.lang.Object invokeOrDie(java.lang.reflect.Method,java.lang.Object,java.lang.Object[]) -> A
    boolean isInitialized(com.google.protobuf.GeneratedMessageLite,boolean) -> B
    void makeImmutable() -> C
    com.google.protobuf.Internal$IntList mutableCopy(com.google.protobuf.Internal$IntList) -> D
    com.google.protobuf.GeneratedMessageLite$Builder newBuilderForType() -> E
    java.lang.Object newMessageInfo(com.google.protobuf.MessageLite,java.lang.String,java.lang.Object[]) -> F
    com.google.protobuf.GeneratedMessageLite parseFrom(com.google.protobuf.GeneratedMessageLite,byte[]) -> G
    com.google.protobuf.GeneratedMessageLite parsePartialFrom(com.google.protobuf.GeneratedMessageLite,com.google.protobuf.CodedInputStream,com.google.protobuf.ExtensionRegistryLite) -> H
    com.google.protobuf.GeneratedMessageLite parsePartialFrom(com.google.protobuf.GeneratedMessageLite,byte[],int,int,com.google.protobuf.ExtensionRegistryLite) -> I
    void registerDefaultInstance(java.lang.Class,com.google.protobuf.GeneratedMessageLite) -> J
    com.google.protobuf.GeneratedMessageLite$Builder toBuilder() -> K
    int getSerializedSize() -> b
    com.google.protobuf.MessageLite$Builder newBuilderForType() -> c
    com.google.protobuf.MessageLite getDefaultInstanceForType() -> d
    com.google.protobuf.MessageLite$Builder toBuilder() -> e
    com.google.protobuf.Parser getParserForType() -> i
    boolean isInitialized() -> j
com.google.protobuf.GeneratedMessageLite$Builder -> f.a.c.z$a:
    com.google.protobuf.GeneratedMessageLite defaultInstance -> e
    boolean isBuilt -> g
    com.google.protobuf.GeneratedMessageLite instance -> f
    com.google.protobuf.MessageLite build() -> a
    com.google.protobuf.MessageLite getDefaultInstanceForType() -> d
    com.google.protobuf.MessageLite buildPartial() -> h
    com.google.protobuf.AbstractMessageLite$Builder internalMergeFrom(com.google.protobuf.AbstractMessageLite) -> l
    com.google.protobuf.GeneratedMessageLite build() -> o
    com.google.protobuf.GeneratedMessageLite buildPartial() -> p
    com.google.protobuf.GeneratedMessageLite$Builder clone() -> q
    void copyOnWrite() -> r
    void copyOnWriteInternal() -> s
    com.google.protobuf.GeneratedMessageLite getDefaultInstanceForType() -> t
    com.google.protobuf.GeneratedMessageLite$Builder internalMergeFrom(com.google.protobuf.GeneratedMessageLite) -> u
    com.google.protobuf.GeneratedMessageLite$Builder mergeFrom(com.google.protobuf.GeneratedMessageLite) -> v
    void mergeFromInstance(com.google.protobuf.GeneratedMessageLite,com.google.protobuf.GeneratedMessageLite) -> w
com.google.protobuf.GeneratedMessageLite$DefaultInstanceBasedParser -> f.a.c.z$b:
    com.google.protobuf.GeneratedMessageLite defaultInstance -> a
    java.lang.Object parsePartialFrom(com.google.protobuf.CodedInputStream,com.google.protobuf.ExtensionRegistryLite) -> b
    com.google.protobuf.GeneratedMessageLite parsePartialFrom(com.google.protobuf.CodedInputStream,com.google.protobuf.ExtensionRegistryLite) -> g
com.google.protobuf.GeneratedMessageLite$ExtendableMessage -> f.a.c.z$c:
    com.google.protobuf.FieldSet ensureExtensionsAreMutable() -> L
    com.google.protobuf.MessageLite$Builder newBuilderForType() -> c
    com.google.protobuf.MessageLite getDefaultInstanceForType() -> d
    com.google.protobuf.MessageLite$Builder toBuilder() -> e