build/app/outputs/mapping/release/usage.txt
com.example.appcsmju.R$animator
com.example.appcsmju.R$integer
com.example.appcsmju.R$xml
com.example.appcsmju.R$anim
com.example.appcsmju.R$color
com.example.appcsmju.R$id
com.example.appcsmju.R$dimen
com.example.appcsmju.R$menu
com.example.appcsmju.R$drawable
com.example.appcsmju.R$string
com.example.appcsmju.R$plurals
com.example.appcsmju.R$layout
com.example.appcsmju.R
com.example.appcsmju.R$attr
com.example.appcsmju.BuildConfig
com.example.appcsmju.R$mipmap
com.example.appcsmju.R$styleable
com.example.appcsmju.R$style
com.example.appcsmju.R$bool
com.example.appcsmju.R$interpolator
...
com.google.android.material.card.MaterialCardViewHelper$1
com.bumptech.glide.load.model.ByteArrayLoader$StreamFactory:
    public void teardown()
com.bumptech.glide.load.data.mediastore.ThumbFetcher$VideoThumbnailQuery:
    private static final java.lang.String PATH_SELECTION
com.bumptech.glide.load.model.ResourceLoader$UriFactory:
    public void teardown()
com.google.common.collect.MinMaxPriorityQueue$Builder
li.jod.search_choices.R$color
com.google.common.collect.Synchronized
kotlin.io.FileSystemException
kotlin.jvm.internal.ByteCompanionObject
kotlin.random.PlatformRandomKt
de.mintware.barcode_scan.BarcodeFormatOuterClass$BarcodeFormat$1
kotlinx.coroutines.flow.FlowKt__ReduceKt$single$1
com.google.android.material.tabs.TabLayout$Mode
androidx.slidingpanelayout.widget.SlidingPaneLayout$PanelSlideListener
com.google.common.graph.DirectedGraphConnections$1
com.google.common.cache.RemovalListeners$1$1
kotlinx.coroutines.flow.FlowKt__LimitKt$takeWhile$lambda-9$$inlined$collectWhile$1$1
kotlin.text.TypeAliasesKt
com.google.zxing.multi.qrcode.detector.MultiFinderPatternFinder$ModuleSizeComparator
com.google.common.collect.AbstractMapBasedMultimap$Itr
com.google.common.collect.RegularImmutableTable
androidx.vectordrawable.R$id
com.google.protobuf.AbstractMessageLite$Builder:
    private java.lang.String getReadingExceptionMessage(java.lang.String)
    private static void addAllCheckingNulls(java.lang.Iterable,java.util.List)
    protected static void addAll(java.lang.Iterable,java.util.Collection)
    protected static void addAll(java.lang.Iterable,java.util.List)
    public abstract com.google.protobuf.AbstractMessageLite$Builder clone()
    public com.google.protobuf.AbstractMessageLite$Builder mergeFrom(com.google.protobuf.CodedInputStream)
    public abstract com.google.protobuf.AbstractMessageLite$Builder mergeFrom(com.google.protobuf.CodedInputStream,com.google.protobuf.ExtensionRegistryLite)
    public com.google.protobuf.AbstractMessageLite$Builder mergeFrom(com.google.protobuf.ByteString)
    public com.google.protobuf.AbstractMessageLite$Builder mergeFrom(com.google.protobuf.ByteString,com.google.protobuf.ExtensionRegistryLite)
    public com.google.protobuf.AbstractMessageLite$Builder mergeFrom(byte[])
    public com.google.protobuf.AbstractMessageLite$Builder mergeFrom(byte[],int,int)
    public com.google.protobuf.AbstractMessageLite$Builder mergeFrom(byte[],com.google.protobuf.ExtensionRegistryLite)
    public com.google.protobuf.AbstractMessageLite$Builder mergeFrom(byte[],int,int,com.google.protobuf.ExtensionRegistryLite)
    public com.google.protobuf.AbstractMessageLite$Builder mergeFrom(java.io.InputStream)
androidx.annotation.experimental.Experimental
com.google.common.collect.ImmutableMap$MapViewOfValuesAsSingletonSets$1
kotlinx.coroutines.test.TestCoroutineContext$Dispatcher$scheduleResumeAfterDelay$$inlined$Runnable$1
kotlin.sequences.SequencesKt__SequencesJVMKt:
    private static final kotlin.sequences.Sequence asSequence(java.util.Enumeration)
    public void <init>()
androidx.customview.widget.FocusStrategy:
    private void <init>()
com.google.common.hash.SipHashFunction
android.support.v4.media.MediaBrowserCompat$MediaBrowserImplBase$MediaServiceConnection$2
androidx.core.provider.FontsContractCompat$FontFamilyResult:
    public static final int STATUS_OK
    public static final int STATUS_WRONG_CERTIFICATES
    public static final int STATUS_UNEXPECTED_DATA_PROVIDED
kotlin.Deprecated
com.bumptech.glide.load.model.ByteArrayLoader$ByteBufferFactory:
    public void teardown()
io.flutter.plugin.platform.PlatformViewFactory:
    public void <init>(io.flutter.plugin.common.MessageCodec)
androidx.core.R$style
kotlinx.coroutines.sync.MutexImpl$LockCont$tryResumeLockWaiter$1
com.google.common.base.Functions$PredicateFunction
com.google.common.collect.MapMakerInternalMap$WeakKeyStrongValueEntry$Helper
com.google.common.util.concurrent.AbstractScheduledService$1
kotlinx.coroutines.debug.internal.Marked